---------------------------------------------------------------
[2019-09-04T14:06:25+08:00] ::1 GET localhost/weiphp5.0-master/public/index.php/Admin/update/delcache/pbid/0?&mdm=367_375
[ error ] [2]mkdir(): File exists[D:\program\xampp\htdocs\weiphp5.0-master\application\admin\controller\Update.php:59]
---------------------------------------------------------------
[2019-09-04T14:18:08+08:00] ::1 GET localhost/weiphp5.0-master/public/index.php/weixin/user_center/config/pbid/0
[ error ] [8]未定义数组索引: type[D:\program\xampp\htdocs\weiphp5.0-master\runtime\temp\f885ae83112115cdc8c28a34718974c5.php:164]
---------------------------------------------------------------
[2019-09-04T15:48:31+08:00] ::1 GET localhost/weiphp5.0-master/public/index.php/cms/cms/lists/model/1492/pbid/1/mdm/804
[ error ] [0]语法解析错误: syntax error, unexpected 'foreach' (T_FOREACH)[D:\program\xampp\htdocs\weiphp5.0-master\application\cms\controller\Cms.php:10]
---------------------------------------------------------------
[2019-09-04T15:48:58+08:00] ::1 GET localhost/weiphp5.0-master/public/index.php/cms/cms/lists/model/1492/pbid/1/mdm/804
[ error ] [0]语法解析错误: syntax error, unexpected 'dump' (T_STRING)[D:\program\xampp\htdocs\weiphp5.0-master\application\cms\controller\Cms.php:14]
---------------------------------------------------------------
[2019-09-04T15:49:01+08:00] ::1 GET localhost/weiphp5.0-master/public/index.php/cms/cms/add/model/1492/pbid/1/mdm/804
[ error ] [0]语法解析错误: syntax error, unexpected 'dump' (T_STRING)[D:\program\xampp\htdocs\weiphp5.0-master\application\cms\controller\Cms.php:14]
---------------------------------------------------------------
[2019-09-04T15:49:33+08:00] ::1 GET localhost/weiphp5.0-master/public/index.php/cms/cms/add/model/1492/pbid/1/mdm/804
[ error ] [0]语法解析错误: syntax error, unexpected '}'[D:\program\xampp\htdocs\weiphp5.0-master\application\cms\controller\Cms.php:14]
---------------------------------------------------------------
[2019-09-04T16:01:03+08:00] ::1 GET localhost/weiphp5.0-master/public/index.php/cms/cms/getList
[ error ] [0]语法解析错误: syntax error, unexpected '}'[D:\program\xampp\htdocs\weiphp5.0-master\application\cms\controller\Cms.php:15]
---------------------------------------------------------------
[2019-09-04T16:17:48+08:00] ::1 GET localhost/weiphp5.0-master/public/index.php/cms/cms/getList
[ error ] [0]语法解析错误: syntax error, unexpected '}'[D:\program\xampp\htdocs\weiphp5.0-master\application\cms\controller\Cms.php:13]
---------------------------------------------------------------
[2019-09-04T16:25:10+08:00] ::1 GET localhost/weiphp5.0-master/public/index.php/cms/cms/getList
[ error ] [0]语法解析错误: syntax error, unexpected '}'[D:\program\xampp\htdocs\weiphp5.0-master\application\cms\controller\Cms.php:14]
---------------------------------------------------------------
[2019-09-04T17:26:56+08:00] ::1 GET localhost/weiphp5.0-master/public/index.php/Shop/wap/center/pbid/1
[ error ] [8]未定义数组索引: title[D:\program\xampp\htdocs\weiphp5.0-master\application\shop\controller\Wap.php:61]
---------------------------------------------------------------
[2019-09-04T17:28:52+08:00] ::1 GET localhost/weiphp/public/index.php/Shop/wap/center/pbid/1
[ error ] [8]未定义数组索引: title[D:\program\xampp\htdocs\weiphp\application\shop\controller\Wap.php:61]
---------------------------------------------------------------
[2019-09-04T17:32:21+08:00] ::1 GET localhost/weiphp/public/index.php/Shop/wap/center/pbid/1
[ error ] [8]未定义数组索引: title[D:\program\xampp\htdocs\weiphp\application\shop\controller\Wap.php:61]
---------------------------------------------------------------
[2019-09-04T17:43:04+08:00] ::1 GET localhost/weiphp/public/index.php/Shop/wap/center/pbid/1
[ error ] [8]未定义数组索引: title[D:\program\xampp\htdocs\weiphp\application\shop\controller\Wap.php:62]
---------------------------------------------------------------
[2019-09-04T17:45:39+08:00] ::1 GET localhost/weiphp/public/index.php/Shop/wap/center/pbid/1
[ error ] [8]未定义数组索引: title[D:\program\xampp\htdocs\weiphp\application\shop\controller\Wap.php:61]
---------------------------------------------------------------
[2019-09-04T17:46:20+08:00] ::1 GET localhost/weiphp/public/index.php/Shop/wap/center/pbid/1
[ error ] [8]未定义数组索引: title[D:\program\xampp\htdocs\weiphp\application\shop\controller\Wap.php:61]
---------------------------------------------------------------
[2019-09-04T17:47:17+08:00] ::1 GET localhost/weiphp/public/index.php/Shop/wap/center/pbid/1
[ error ] [8]未定义数组索引: title[D:\program\xampp\htdocs\weiphp\application\shop\controller\Wap.php:61]
---------------------------------------------------------------
[2019-09-04T17:49:54+08:00] ::1 GET localhost/weiphp/public/index.php/Shop/wap/center/pbid/1
[ error ] [8]未定义数组索引: title[D:\program\xampp\htdocs\weiphp\application\shop\controller\Wap.php:61]
---------------------------------------------------------------
[2019-09-04T17:50:10+08:00] ::1 GET localhost/weiphp/public/index.php/Shop/wap/center/pbid/1
[ error ] [8]未定义数组索引: title[D:\program\xampp\htdocs\weiphp\application\shop\controller\Wap.php:61]
